g:\vs\process-protection-master\kmdf\x64\release\vc141.pdb
g:\vs\process-protection-master\kmdf\x64\release\1.obj
g:\vs\process-protection-master\x64\release\kmdf\kmdf.cat
g:\vs\process-protection-master\x64\release\kmdf.sys
g:\vs\process-protection-master\x64\release\kmdf.pdb
g:\vs\process-protection-master\kmdf\x64\release\kmdf.inf
g:\vs\process-protection-master\x64\release\kmdf.cer
g:\vs\process-protection-master\x64\release\kmdf.inf
g:\vs\process-protection-master\kmdf\x64\release\kmdf.tlog\cl.command.1.tlog
g:\vs\process-protection-master\kmdf\x64\release\kmdf.tlog\cl.read.1.tlog
g:\vs\process-protection-master\kmdf\x64\release\kmdf.tlog\cl.write.1.tlog
g:\vs\process-protection-master\kmdf\x64\release\kmdf.tlog\inf2cat-expand.6904.read.1.tlog
g:\vs\process-protection-master\kmdf\x64\release\kmdf.tlog\inf2cat-expand.6904.write.1.tlog
g:\vs\process-protection-master\kmdf\x64\release\kmdf.tlog\inf2cat-expand.read.1.tlog
g:\vs\process-protection-master\kmdf\x64\release\kmdf.tlog\inf2cat-expand.write.1.tlog
g:\vs\process-protection-master\kmdf\x64\release\kmdf.tlog\inf2cat.command.1.tlog
g:\vs\process-protection-master\kmdf\x64\release\kmdf.tlog\inf2cat.read.1.tlog
g:\vs\process-protection-master\kmdf\x64\release\kmdf.tlog\inf2cat.read.8.tlog
g:\vs\process-protection-master\kmdf\x64\release\kmdf.tlog\inf2cat.write.1.tlog
g:\vs\process-protection-master\kmdf\x64\release\kmdf.tlog\inf2cat.write.8.tlog
g:\vs\process-protection-master\kmdf\x64\release\kmdf.tlog\link.command.1.tlog
g:\vs\process-protection-master\kmdf\x64\release\kmdf.tlog\link.read.1.tlog
g:\vs\process-protection-master\kmdf\x64\release\kmdf.tlog\link.write.1.tlog
g:\vs\process-protection-master\kmdf\x64\release\kmdf.tlog\signtool.command.1.tlog
g:\vs\process-protection-master\kmdf\x64\release\kmdf.tlog\signtool.read.1.tlog
g:\vs\process-protection-master\kmdf\x64\release\kmdf.tlog\signtool.timestamp.1.tlog
g:\vs\process-protection-master\kmdf\x64\release\kmdf.tlog\signtool.write.1.tlog
g:\vs\process-protection-master\kmdf\x64\release\kmdf.tlog\stampinf.command.1.tlog
g:\vs\process-protection-master\kmdf\x64\release\kmdf.tlog\stampinf.read.1.tlog
g:\vs\process-protection-master\kmdf\x64\release\kmdf.tlog\stampinf.write.1.tlog
