d:\data\project\protection\reg_protection\rprotect\rprotect\x64\release\vc142.pdb
d:\data\project\protection\reg_protection\rprotect\rprotect\x64\release\rprotect.obj
d:\data\project\protection\reg_protection\rprotect\x64\release\rprotect\rprotect.cat
d:\data\project\protection\reg_protection\rprotect\x64\release\rprotect.sys
d:\data\project\protection\reg_protection\rprotect\x64\release\rprotect.pdb
d:\data\project\protection\reg_protection\rprotect\rprotect\x64\release\rprotect.inf
d:\data\project\protection\reg_protection\rprotect\x64\release\rprotect.cer
d:\data\project\protection\reg_protection\rprotect\x64\release\rprotect.inf
d:\data\project\protection\reg_protection\rprotect\rprotect\x64\release\rprotect.tlog\cl.command.1.tlog
d:\data\project\protection\reg_protection\rprotect\rprotect\x64\release\rprotect.tlog\cl.read.1.tlog
d:\data\project\protection\reg_protection\rprotect\rprotect\x64\release\rprotect.tlog\cl.write.1.tlog
d:\data\project\protection\reg_protection\rprotect\rprotect\x64\release\rprotect.tlog\inf2cat-expand.13872.read.1.tlog
d:\data\project\protection\reg_protection\rprotect\rprotect\x64\release\rprotect.tlog\inf2cat-expand.13872.write.1.tlog
d:\data\project\protection\reg_protection\rprotect\rprotect\x64\release\rprotect.tlog\inf2cat-expand.read.1.tlog
d:\data\project\protection\reg_protection\rprotect\rprotect\x64\release\rprotect.tlog\inf2cat-expand.write.1.tlog
d:\data\project\protection\reg_protection\rprotect\rprotect\x64\release\rprotect.tlog\inf2cat.command.1.tlog
d:\data\project\protection\reg_protection\rprotect\rprotect\x64\release\rprotect.tlog\inf2cat.read.1.tlog
d:\data\project\protection\reg_protection\rprotect\rprotect\x64\release\rprotect.tlog\inf2cat.write.1.tlog
d:\data\project\protection\reg_protection\rprotect\rprotect\x64\release\rprotect.tlog\link.command.1.tlog
d:\data\project\protection\reg_protection\rprotect\rprotect\x64\release\rprotect.tlog\link.read.1.tlog
d:\data\project\protection\reg_protection\rprotect\rprotect\x64\release\rprotect.tlog\link.write.1.tlog
d:\data\project\protection\reg_protection\rprotect\rprotect\x64\release\rprotect.tlog\signtool.command.1.tlog
d:\data\project\protection\reg_protection\rprotect\rprotect\x64\release\rprotect.tlog\signtool.read.1.tlog
d:\data\project\protection\reg_protection\rprotect\rprotect\x64\release\rprotect.tlog\signtool.timestamp.1.tlog
d:\data\project\protection\reg_protection\rprotect\rprotect\x64\release\rprotect.tlog\signtool.write.1.tlog
d:\data\project\protection\reg_protection\rprotect\rprotect\x64\release\rprotect.tlog\stampinf.command.1.tlog
d:\data\project\protection\reg_protection\rprotect\rprotect\x64\release\rprotect.tlog\stampinf.read.1.tlog
d:\data\project\protection\reg_protection\rprotect\rprotect\x64\release\rprotect.tlog\stampinf.write.1.tlog
